<?xml version="1.0" encoding="UTF-8"?>
<!-- Generated by org.testng.reporters.JUnitReportReporter -->
<testsuite hostname="Janodya-lap" failures="0" tests="11" name="tests.SignUpIndividualTest" time="214.071" errors="0" timestamp="2024-05-26T11:19:14 IST" skipped="0">
  <testcase classname="tests.SignUpIndividualTest" name="testValidInputs" time="17.840"/>
  <system-out/>
  <testcase classname="tests.SignUpIndividualTest" name="testMissingRequiredFields" time="21.075"/>
  <system-out/>
  <testcase classname="tests.SignUpIndividualTest" name="testInvalidEmailFormat" time="21.122"/>
  <system-out/>
  <testcase classname="tests.SignUpIndividualTest" name="testInvalidPhoneNumberFormat" time="18.344"/>
  <system-out/>
  <testcase classname="tests.SignUpIndividualTest" name="testInvalidWebsiteURLFormat" time="18.151"/>
  <system-out/>
  <testcase classname="tests.SignUpIndividualTest" name="testLongInputsForFields" time="26.177"/>
  <system-out/>
  <testcase classname="tests.SignUpIndividualTest" name="testUnsupportedCharactersInInputs" time="18.351"/>
  <system-out/>
  <testcase classname="tests.SignUpIndividualTest" name="testDuplicateEmailAddress" time="18.592"/>
  <system-out/>
  <testcase classname="tests.SignUpIndividualTest" name="testInvalidDataTypeForFields" time="18.266"/>
  <system-out/>
  <testcase classname="tests.SignUpIndividualTest" name="testNoInputProvided" time="18.066"/>
  <system-out/>
  <testcase classname="tests.SignUpIndividualTest" name="testInvalidCountrySpecificFields" time="18.087"/>
  <system-out/>
</testsuite> <!-- tests.SignUpIndividualTest -->
