<?xml version="1.0" encoding="UTF-8"?>
<!-- Generated by org.testng.reporters.JUnitReportReporter -->
<testsuite hostname="Janodya-lap" failures="0" tests="11" name="optiomaxWebTestCases.SignUpIndividualTest" time="210.282" errors="0" timestamp="2024-05-21T11:34:30 IST" skipped="0">
  <testcase classname="optiomaxWebTestCases.SignUpIndividualTest" name="testValidInputs" time="17.535"/>
  <system-out/>
  <testcase classname="optiomaxWebTestCases.SignUpIndividualTest" name="testMissingRequiredFields" time="20.735"/>
  <system-out/>
  <testcase classname="optiomaxWebTestCases.SignUpIndividualTest" name="testInvalidEmailFormat" time="20.752"/>
  <system-out/>
  <testcase classname="optiomaxWebTestCases.SignUpIndividualTest" name="testInvalidPhoneNumberFormat" time="17.789"/>
  <system-out/>
  <testcase classname="optiomaxWebTestCases.SignUpIndividualTest" name="testInvalidWebsiteURLFormat" time="18.058"/>
  <system-out/>
  <testcase classname="optiomaxWebTestCases.SignUpIndividualTest" name="testLongInputsForFields" time="24.943"/>
  <system-out/>
  <testcase classname="optiomaxWebTestCases.SignUpIndividualTest" name="testUnsupportedCharactersInInputs" time="18.488"/>
  <system-out/>
  <testcase classname="optiomaxWebTestCases.SignUpIndividualTest" name="testDuplicateEmailAddress" time="17.730"/>
  <system-out/>
  <testcase classname="optiomaxWebTestCases.SignUpIndividualTest" name="testInvalidDataTypeForFields" time="18.114"/>
  <system-out/>
  <testcase classname="optiomaxWebTestCases.SignUpIndividualTest" name="testNoInputProvided" time="17.900"/>
  <system-out/>
  <testcase classname="optiomaxWebTestCases.SignUpIndividualTest" name="testInvalidCountrySpecificFields" time="18.238"/>
  <system-out/>
</testsuite> <!-- optiomaxWebTestCases.SignUpIndividualTest -->
