<?xml version="1.0" encoding="UTF-8"?>
<!-- Generated by org.testng.reporters.JUnitReportReporter -->
<testsuite hostname="Janodya-lap" failures="0" tests="11" name="optiomaxWebTestCases.SignUpTest" time="147.919" errors="0" timestamp="2024-05-21T11:24:48 IST" skipped="0">
  <testcase classname="optiomaxWebTestCases.SignUpTest" name="verifyAccountSuccessfulCreation" time="12.429"/>
  <system-out/>
  <testcase classname="optiomaxWebTestCases.SignUpTest" name="verifySuccessfulNavigation" time="11.854"/>
  <system-out/>
  <testcase classname="optiomaxWebTestCases.SignUpTest" name="verifyUnsuccessfulSignUpWithInvalidUsername" time="12.100"/>
  <system-out/>
  <testcase classname="optiomaxWebTestCases.SignUpTest" name="verifyUnsuccessfulSignUpWithInvalidPassword" time="13.622"/>
  <system-out/>
  <testcase classname="optiomaxWebTestCases.SignUpTest" name="verifyUnsuccessfulSignUpWithEmptyUsername" time="18.087"/>
  <system-out/>
  <testcase classname="optiomaxWebTestCases.SignUpTest" name="verifyUnsuccessfulSignUpWithEmptyPassword" time="16.837"/>
  <system-out/>
  <testcase classname="optiomaxWebTestCases.SignUpTest" name="verifyUnsuccessfulSignUpWithEmptyUsernameAndPassword" time="13.854"/>
  <system-out/>
  <testcase classname="optiomaxWebTestCases.SignUpTest" name="specialCharactersInUsername" time="12.950"/>
  <system-out/>
  <testcase classname="optiomaxWebTestCases.SignUpTest" name="exceedingCharacterLimitInUsername" time="12.243"/>
  <system-out/>
  <testcase classname="optiomaxWebTestCases.SignUpTest" name="verifyUnsuccessfulSignUpWithWeakPassword" time="11.984"/>
  <system-out/>
  <testcase classname="optiomaxWebTestCases.SignUpTest" name="verifyUnsuccessfulSignUpWithAlreadyTakenUsername" time="11.959"/>
  <system-out/>
</testsuite> <!-- optiomaxWebTestCases.SignUpTest -->
