<?xml version="1.0" encoding="UTF-8"?>
<!-- Generated by org.testng.reporters.JUnitReportReporter -->
<testsuite hostname="Janodya-lap" failures="0" tests="11" name="tests.SignUpTest" time="172.439" errors="0" timestamp="2024-05-26T08:48:32 IST" skipped="0">
  <testcase classname="tests.SignUpTest" name="verifyAccountSuccessfulCreation" time="14.424"/>
  <system-out/>
  <testcase classname="tests.SignUpTest" name="verifySuccessfulNavigation" time="14.181"/>
  <system-out/>
  <testcase classname="tests.SignUpTest" name="verifyUnsuccessfulSignUpWithInvalidUsername" time="14.555"/>
  <system-out/>
  <testcase classname="tests.SignUpTest" name="verifyUnsuccessfulSignUpWithInvalidPassword" time="16.673"/>
  <system-out/>
  <testcase classname="tests.SignUpTest" name="verifyUnsuccessfulSignUpWithEmptyUsername" time="19.341"/>
  <system-out/>
  <testcase classname="tests.SignUpTest" name="verifyUnsuccessfulSignUpWithEmptyPassword" time="18.787"/>
  <system-out/>
  <testcase classname="tests.SignUpTest" name="verifyUnsuccessfulSignUpWithEmptyUsernameAndPassword" time="16.568"/>
  <system-out/>
  <testcase classname="tests.SignUpTest" name="specialCharactersInUsername" time="14.915"/>
  <system-out/>
  <testcase classname="tests.SignUpTest" name="exceedingCharacterLimitInUsername" time="14.608"/>
  <system-out/>
  <testcase classname="tests.SignUpTest" name="verifyUnsuccessfulSignUpWithWeakPassword" time="13.811"/>
  <system-out/>
  <testcase classname="tests.SignUpTest" name="verifyUnsuccessfulSignUpWithAlreadyTakenUsername" time="14.576"/>
  <system-out/>
</testsuite> <!-- tests.SignUpTest -->
