<?xml version="1.0" encoding="UTF-8"?>
<!-- Generated by org.testng.reporters.JUnitReportReporter -->
<testsuite hostname="Janodya-lap" failures="0" tests="4" name="optiomaxWebTestCases.SignUpOwnerEmailTest" time="85.336" errors="0" timestamp="2024-05-21T11:26:33 IST" skipped="0">
  <testcase classname="optiomaxWebTestCases.SignUpOwnerEmailTest" name="testValidEmailSignUp" time="22.181"/>
  <system-out/>
  <testcase classname="optiomaxWebTestCases.SignUpOwnerEmailTest" name="testInvalidEmailSignUp" time="21.044"/>
  <system-out/>
  <testcase classname="optiomaxWebTestCases.SignUpOwnerEmailTest" name="testEmptyEmailField" time="20.784"/>
  <system-out/>
  <testcase classname="optiomaxWebTestCases.SignUpOwnerEmailTest" name="testInvalidDomainEmail" time="21.327"/>
  <system-out/>
</testsuite> <!-- optiomaxWebTestCases.SignUpOwnerEmailTest -->
