<?xml version="1.0" encoding="UTF-8"?>
<!-- Generated by org.testng.reporters.JUnitReportReporter -->
<testsuite hostname="Janodya-lap" failures="0" tests="11" name="tests.SignUpEnterpriseTest" time="215.147" errors="0" timestamp="2024-05-26T12:52:25 IST" skipped="0">
  <testcase classname="tests.SignUpEnterpriseTest" name="testValidInputs" time="18.153"/>
  <system-out/>
  <testcase classname="tests.SignUpEnterpriseTest" name="testMissingRequiredFields" time="21.034"/>
  <system-out/>
  <testcase classname="tests.SignUpEnterpriseTest" name="testInvalidEmailFormat" time="20.976"/>
  <system-out/>
  <testcase classname="tests.SignUpEnterpriseTest" name="testInvalidPhoneNumberFormat" time="17.944"/>
  <system-out/>
  <testcase classname="tests.SignUpEnterpriseTest" name="testInvalidWebsiteURLFormat" time="18.263"/>
  <system-out/>
  <testcase classname="tests.SignUpEnterpriseTest" name="testLongInputsForFields" time="28.968"/>
  <system-out/>
  <testcase classname="tests.SignUpEnterpriseTest" name="testUnsupportedCharactersInInputs" time="18.620"/>
  <system-out/>
  <testcase classname="tests.SignUpEnterpriseTest" name="testDuplicateEmailAddress" time="18.171"/>
  <system-out/>
  <testcase classname="tests.SignUpEnterpriseTest" name="testInvalidDataTypeForFields" time="18.061"/>
  <system-out/>
  <testcase classname="tests.SignUpEnterpriseTest" name="testNoInputProvided" time="17.198"/>
  <system-out/>
  <testcase classname="tests.SignUpEnterpriseTest" name="testInvalidCountrySpecificFields" time="17.759"/>
  <system-out/>
</testsuite> <!-- tests.SignUpEnterpriseTest -->
