<?xml version="1.0" encoding="UTF-8"?>
<!-- Generated by org.testng.reporters.JUnitReportReporter -->
<testsuite hostname="Janodya-lap" failures="0" tests="11" name="optiomaxWebTestCases.SignUpEnterpriseTest" time="215.556" errors="0" timestamp="2024-05-21T11:39:01 IST" skipped="0">
  <testcase classname="optiomaxWebTestCases.SignUpEnterpriseTest" name="testValidInputs" time="17.993"/>
  <system-out/>
  <testcase classname="optiomaxWebTestCases.SignUpEnterpriseTest" name="testMissingRequiredFields" time="20.707"/>
  <system-out/>
  <testcase classname="optiomaxWebTestCases.SignUpEnterpriseTest" name="testInvalidEmailFormat" time="21.253"/>
  <system-out/>
  <testcase classname="optiomaxWebTestCases.SignUpEnterpriseTest" name="testInvalidPhoneNumberFormat" time="18.992"/>
  <system-out/>
  <testcase classname="optiomaxWebTestCases.SignUpEnterpriseTest" name="testInvalidWebsiteURLFormat" time="18.835"/>
  <system-out/>
  <testcase classname="optiomaxWebTestCases.SignUpEnterpriseTest" name="testLongInputsForFields" time="26.447"/>
  <system-out/>
  <testcase classname="optiomaxWebTestCases.SignUpEnterpriseTest" name="testUnsupportedCharactersInInputs" time="18.156"/>
  <system-out/>
  <testcase classname="optiomaxWebTestCases.SignUpEnterpriseTest" name="testDuplicateEmailAddress" time="19.520"/>
  <system-out/>
  <testcase classname="optiomaxWebTestCases.SignUpEnterpriseTest" name="testInvalidDataTypeForFields" time="18.309"/>
  <system-out/>
  <testcase classname="optiomaxWebTestCases.SignUpEnterpriseTest" name="testNoInputProvided" time="17.206"/>
  <system-out/>
  <testcase classname="optiomaxWebTestCases.SignUpEnterpriseTest" name="testInvalidCountrySpecificFields" time="18.138"/>
  <system-out/>
</testsuite> <!-- optiomaxWebTestCases.SignUpEnterpriseTest -->
