<?xml version="1.0" encoding="UTF-8"?>
<!-- Generated by org.testng.reporters.JUnitReportReporter -->
<testsuite hostname="Janodya-lap" failures="0" tests="4" name="tests.SignUpEmailTest" time="85.615" errors="0" timestamp="2024-05-26T10:02:05 IST" skipped="0">
  <testcase classname="tests.SignUpEmailTest" name="testValidEmailSignUp" time="21.609"/>
  <system-out/>
  <testcase classname="tests.SignUpEmailTest" name="testInvalidEmailSignUp" time="21.289"/>
  <system-out/>
  <testcase classname="tests.SignUpEmailTest" name="testEmptyEmailField" time="21.427"/>
  <system-out/>
  <testcase classname="tests.SignUpEmailTest" name="testInvalidDomainEmail" time="21.290"/>
  <system-out/>
</testsuite> <!-- tests.SignUpEmailTest -->
