<?xml version="1.0" encoding="UTF-8"?>
<!-- Generated by org.testng.reporters.JUnitReportReporter -->
<testsuite hostname="Janodya-lap" failures="0" tests="6" name="tests.SignInTest" time="68.500" errors="0" timestamp="2024-05-26T08:16:30 IST" skipped="0">
  <testcase classname="tests.SignInTest" name="testInvalidSignInWithIncorrectEmail" time="10.400"/>
  <system-out/>
  <testcase classname="tests.SignInTest" name="testInvalidSignInWithIncorrectPassword" time="16.474"/>
  <system-out/>
  <testcase classname="tests.SignInTest" name="testInvalidSignInWithEmptyEmail" time="10.437"/>
  <system-out/>
  <testcase classname="tests.SignInTest" name="testInvalidSignInWithEmptyPassword" time="10.418"/>
  <system-out/>
  <testcase classname="tests.SignInTest" name="testInvalidSignInWithInvalidEmail" time="10.322"/>
  <system-out/>
  <testcase classname="tests.SignInTest" name="testValidSignIn" time="10.449"/>
  <system-out/>
</testsuite> <!-- tests.SignInTest -->
